2025-10-05 12:03:43,065 - INFO - Loading NILMTK dataset...
2025-10-05 12:03:43,069 - ERROR - Error loading NILMTK data: No such file as C:\Users\Raymond Tie\NILM\datasets\ukdale.h5
2025-10-05 12:03:43,071 - WARNING - Failed to load NILMTK data: No such file as C:\Users\Raymond Tie\NILM\datasets\ukdale.h5. Falling back to simulated data.
2025-10-05 12:03:43,073 - INFO - Generating simulated data...
2025-10-05 12:03:43,188 - INFO - Generated 960000 samples of simulated data with 3 events
2025-10-05 12:03:44,144 - ERROR - Error in chunk processing: A process in the process pool was terminated abruptly while the future was running or pending.
2025-10-05 12:03:44,170 - WARNING - No results to save.
2025-10-05 12:03:44,171 - INFO - TVDR-TDWS processing completed successfully.
2025-10-05 12:09:46,303 - ERROR - Error processing event at index 53333: name 'result' is not defined
2025-10-05 12:13:12,693 - INFO - Generating simulated data...
2025-10-05 12:13:12,723 - INFO - Generated 160000 samples of simulated data with 3 events
2025-10-05 12:13:12,724 - INFO - Processing 3 events...
2025-10-05 12:24:38,760 - INFO - TVDR-TDWS Implementation with NILMTK Integration
2025-10-05 12:24:38,762 - INFO - ======================================================================
2025-10-05 12:24:38,763 - INFO - Appliance: kettle
2025-10-05 12:24:38,765 - INFO - Sampling Rate: 16.0kHz
2025-10-05 12:24:38,768 - INFO - Voltage: 325V peak (229.8V RMS)
2025-10-05 12:24:38,769 - INFO - Window Size: 8 cycles (160ms)
2025-10-05 12:24:38,770 - INFO - ======================================================================
2025-10-05 12:24:38,771 - INFO - Loading NILMTK dataset...
2025-10-05 12:24:38,837 - INFO - Loading high-frequency data...
2025-10-05 12:24:38,838 - ERROR - Error loading NILMTK data: 'ElecMeter' object has no attribute 'voltage'
2025-10-05 12:24:38,840 - INFO - Falling back to simulated data...
2025-10-05 12:24:38,842 - INFO - Generating simulated data...
2025-10-05 12:24:38,862 - INFO - Generated 160000 samples of simulated data
2025-10-05 12:24:38,865 - INFO - 
Processing 5 events...
2025-10-05 12:24:38,874 - INFO - Plotting event 1...
